#
# A fatal error has been detected by the Java Runtime Environment:
#
#  EXCEPTION_ACCESS_VIOLATION (0xc0000005) at pc=0x00007ffd27cd8dc1, pid=32600, tid=30388
#
# JRE version: OpenJDK Runtime Environment Temurin-21.0.6+7 (21.0.6+7) (build 21.0.6+7-LTS)
# Java VM: OpenJDK 64-Bit Server VM Temurin-21.0.6+7 (21.0.6+7-LTS, mixed mode, sharing, tiered, compressed oops, compressed class ptrs, parallel gc, windows-amd64)
# Problematic frame:
# V  [jvm.dll+0x718dc1]
#
# No core dump will be written. Minidumps are not enabled by default on client versions of Windows
#
# If you would like to submit a bug report, please visit:
#   https://github.com/adoptium/adoptium-support/issues
#

---------------  S U M M A R Y ------------

Command Line: --add-modules=ALL-SYSTEM --add-opens=java.base/java.util=ALL-UNNAMED --add-opens=java.base/java.lang=ALL-UNNAMED --add-opens=java.base/sun.nio.fs=ALL-UNNAMED -Declipse.application=org.eclipse.jdt.ls.core.id1 -Dosgi.bundles.defaultStartLevel=4 -Declipse.product=org.eclipse.jdt.ls.core.product -Djava.import.generatesMetadataFilesAtProjectRoot=false -DDetectVMInstallationsJob.disabled=true -Dfile.encoding=utf8 -XX:+UseParallelGC -XX:GCTimeRatio=4 -XX:AdaptiveSizePolicyWeight=90 -Dsun.zip.disableMemoryMapping=true -Xmx1G -Xms100m -Xlog:disable -javaagent:c:\Users\berna\.cursor\extensions\redhat.java-1.41.1-win32-x64\lombok\lombok-1.18.36.jar -XX:+HeapDumpOnOutOfMemoryError -XX:HeapDumpPath=c:\Users\berna\AppData\Roaming\Cursor\User\workspaceStorage\9447806feda3f6cc28918a0b7ec745c8\redhat.java -Daether.dependencyCollector.impl=bf c:\Users\berna\.cursor\extensions\redhat.java-1.41.1-win32-x64\server\plugins\org.eclipse.equinox.launcher_1.7.0.v20250331-1702.jar -configuration c:\Users\berna\AppData\Roaming\Cursor\User\globalStorage\redhat.java\1.41.1\config_win -data c:\Users\berna\AppData\Roaming\Cursor\User\workspaceStorage\9447806feda3f6cc28918a0b7ec745c8\redhat.java\jdt_ws --pipe=\\.\pipe\lsp-83e0cab3cf1e26465ed3fd7000c9e45d-sock

Host: Intel(R) Core(TM) i7-14700KF, 28 cores, 31G,  Windows 11 , 64 bit Build 26100 (10.0.26100.3775)
Time: Mon Apr 14 23:17:20 2025 Central European Daylight Time elapsed time: 0.357010 seconds (0d 0h 0m 0s)

---------------  T H R E A D  ---------------

Current thread (0x000001a213389c60):  JavaThread "C2 CompilerThread2" daemon [_thread_in_native, id=30388, stack(0x00000024d6000000,0x00000024d6100000) (1024K)]


Current CompileTask:
C2:357 1023       4       java.util.jar.Manifest$FastInputStream::readLine (9 bytes)

Stack: [0x00000024d6000000,0x00000024d6100000],  sp=0x00000024d60fcc60,  free space=1011k
Native frames: (J=compiled Java code, j=interpreted, Vv=VM code, C=native code)
V  [jvm.dll+0x718dc1]
V  [jvm.dll+0x1dff11]
V  [jvm.dll+0x247b42]
V  [jvm.dll+0x246fcf]
V  [jvm.dll+0x1c75ee]
V  [jvm.dll+0x25685a]
V  [jvm.dll+0x254dfa]
V  [jvm.dll+0x3f0256]
V  [jvm.dll+0x851f8b]
V  [jvm.dll+0x6cc5ed]
C  [ucrtbase.dll+0x37b0]
C  [KERNEL32.DLL+0x2e8d7]
C  [ntdll.dll+0xb14fc]


siginfo: EXCEPTION_ACCESS_VIOLATION (0xc0000005), writing address 0x000000000000032d


Registers:
RAX=0x000001a213855d60, RBX=0x0000000000000000, RCX=0x00000000000002f2, RDX=0x00000000000001ab
RSP=0x00000024d60fcc60, RBP=0x00000024d60fcd60, RSI=0x0000000000000000, RDI=0x000001a2183e9590
R8 =0x00000000000000d9, R9 =0x00000000000000d9, R10=0x00000024d60fd3f0, R11=0x0000000000000000
R12=0x0000000000000002, R13=0x0000000000000001, R14=0x000001a213688e48, R15=0x0000000000000001
RIP=0x00007ffd27cd8dc1, EFLAGS=0x0000000000010202

XMM[0]=0x0000000000000000 0x0000000000000000
XMM[1]=0x0000000000000000 0x0000000000000000
XMM[2]=0x0000000000000000 0x0000000000000000
XMM[3]=0x0000000000000000 0x0000000000000000
XMM[4]=0x0000000000000000 0x0000000000000000
XMM[5]=0x0000000000000000 0x0000000000000000
XMM[6]=0x000001a2138b7fb0 0x000001e700000000
XMM[7]=0x0000000000000000 0x00000024d60fd120
XMM[8]=0x0000000000000000 0x4087700000000000
XMM[9]=0x0000000000000000 0x0000000000000000
XMM[10]=0x0000000000000000 0x0000000000000000
XMM[11]=0x0000000000000000 0x0000000000000000
XMM[12]=0x0000000000000000 0x0000000000000000
XMM[13]=0x0000000000000000 0x0000000000000000
XMM[14]=0x0000000000000000 0x0000000000000000
XMM[15]=0x0000000000000000 0x0000000000000000
  MXCSR=0x00001fa0


Register to memory mapping:

RAX=0x000001a213855d60 points into unknown readable memory: 0x0000000000000000 | 00 00 00 00 00 00 00 00
RBX=0x0 is null
RCX=0x00000000000002f2 is an unknown value
RDX=0x00000000000001ab is an unknown value
RSP=0x00000024d60fcc60 is pointing into the stack for thread: 0x000001a213389c60
RBP=0x00000024d60fcd60 is pointing into the stack for thread: 0x000001a213389c60
RSI=0x0 is null
RDI=0x000001a2183e9590 points into unknown readable memory: 0x3f95e6c2ae7249a4 | a4 49 72 ae c2 e6 95 3f
R8 =0x00000000000000d9 is an unknown value
R9 =0x00000000000000d9 is an unknown value
R10=0x00000024d60fd3f0 is pointing into the stack for thread: 0x000001a213389c60
R11=0x0 is null
R12=0x0000000000000002 is an unknown value
R13=0x0000000000000001 is an unknown value
R14=0x000001a213688e48 points into unknown readable memory: 0x00007ffd27fa5e40 | 40 5e fa 27 fd 7f 00 00
R15=0x0000000000000001 is an unknown value

Top of Stack: (sp=0x00000024d60fcc60)
0x00000024d60fcc60:   0000000000000003 0000000000000000
0x00000024d60fcc70:   00000024d60fd120 00000024d60fcd60
0x00000024d60fcc80:   00000024d60fcf98 0000000000000000
0x00000024d60fcc90:   0000000000000000 0000000000000000
0x00000024d60fcca0:   0000000000000000 0000000000000000
0x00000024d60fccb0:   0000000000000000 0000000000000000
0x00000024d60fccc0:   000001a21343be38 000001e700000002
0x00000024d60fccd0:   000001a2000001ca 000001a213689348
0x00000024d60fcce0:   000001a200000002 0000000000000000
0x00000024d60fccf0:   0000000000000001 000001a2138b7810
0x00000024d60fcd00:   0000000100000002 000001a2138b97a0
0x00000024d60fcd10:   000001a2183e9590 000001a2107ade60
0x00000024d60fcd20:   0000000000011670 000001a2183cce70
0x00000024d60fcd30:   0000000000000000 0000000000001680
0x00000024d60fcd40:   00000007d60fcd00 000001a2138b97a8
0x00000024d60fcd50:   0000000000012590 000001a2138b96f0
0x00000024d60fcd60:   00000000000000d9 000001e700000000
0x00000024d60fcd70:   000001a2138b7fb0 00000024d60fd120
0x00000024d60fcd80:   000001e700000001 000001a2138b7810
0x00000024d60fcd90:   00000024d60fd120 000001a2138b8ef0
0x00000024d60fcda0:   0000000000000001 000001a2138b92f0
0x00000024d60fcdb0:   000001a2138b8750 0000000000000000
0x00000024d60fcdc0:   000001a213859280 000001a2138b96f8
0x00000024d60fcdd0:   000001a213859240 0000000000000000
0x00000024d60fcde0:   000001a2105ed910 00000000000003d8
0x00000024d60fcdf0:   000001a2105ed920 000001a2105edcf8
0x00000024d60fce00:   0000000000000001 000001a21343be50
0x00000024d60fce10:   00000024d60fd120 000001a2105ed910
0x00000024d60fce20:   000001a2105ed920 000001a2105edcf8
0x00000024d60fce30:   00000000000003d8 0000000000000000
0x00000024d60fce40:   0000000000000000 0000000000000000
0x00000024d60fce50:   0000000000000000 0000000000000000 

Instructions: (pc=0x00007ffd27cd8dc1)
0x00007ffd27cd8cc1:   c8 48 8b d8 e8 f6 2a 00 00 49 8b 16 49 8b ce 0f
0x00007ffd27cd8cd1:   b6 f0 ff 52 70 8b c8 8b f8 e8 71 2e 00 00 48 8b
0x00007ffd27cd8ce1:   4c 24 78 44 0f b6 f0 e8 a3 19 f9 ff 84 c0 0f 85
0x00007ffd27cd8cf1:   75 0c 00 00 8b d7 48 8b cb e8 f1 2b 00 00 84 c0
0x00007ffd27cd8d01:   75 19 45 84 f6 0f 85 25 0c 00 00 48 8b cb e8 bc
0x00007ffd27cd8d11:   2d 00 00 84 c0 0f 84 15 0c 00 00 48 8b 7d b0 f7
0x00007ffd27cd8d21:   87 a8 00 00 00 00 03 00 00 0f 84 05 0c 00 00 4c
0x00007ffd27cd8d31:   8b 74 24 78 44 8b 8d 38 02 00 00 48 8d 45 c0 4c
0x00007ffd27cd8d41:   8b 44 24 60 49 8b d6 44 89 7c 24 40 49 8b cc 48
0x00007ffd27cd8d51:   89 44 24 38 48 8b 45 f8 48 89 44 24 30 48 8b 45
0x00007ffd27cd8d61:   a8 48 89 44 24 28 8b 85 28 02 00 00 89 44 24 20
0x00007ffd27cd8d71:   0f 29 75 c0 f2 0f 11 7d d0 e8 91 1b 00 00 89 85
0x00007ffd27cd8d81:   28 02 00 00 85 c0 0f 84 86 0f 00 00 48 8b 4d e8
0x00007ffd27cd8d91:   41 c6 04 0f 00 33 db 45 85 ed 0f 84 12 0d 00 00
0x00007ffd27cd8da1:   49 8b 46 08 4c 8b 95 20 02 00 00 45 8b fd 4e 8b
0x00007ffd27cd8db1:   34 f8 49 8b 82 08 01 00 00 49 63 4e 28 8b 14 88
0x00007ffd27cd8dc1:   41 3b 92 e0 00 00 00 0f 83 e5 0c 00 00 44 8b 4f
0x00007ffd27cd8dd1:   30 41 8d 81 b8 fd ff ff 3d e6 72 00 00 0f 87 cf
0x00007ffd27cd8de1:   0c 00 00 49 8b 42 70 48 69 d2 b0 00 00 00 48 8b
0x00007ffd27cd8df1:   48 20 44 8b 44 0a 30 41 8d 80 b8 fd ff ff 3d e6
0x00007ffd27cd8e01:   72 00 00 0f 87 a9 0c 00 00 45 3b c8 0f 84 a0 0c
0x00007ffd27cd8e11:   00 00 4c 8b 64 24 78 49 8b cc 49 8b 04 24 ff 50
0x00007ffd27cd8e21:   28 48 8d 15 d7 71 8e ff 48 63 48 10 48 c1 e1 05
0x00007ffd27cd8e31:   8b 84 11 24 a1 c3 00 49 8b cc 48 8b b4 c2 00 d3
0x00007ffd27cd8e41:   c9 00 41 8b d5 49 8b 04 24 ff 90 88 00 00 00 48
0x00007ffd27cd8e51:   8b f8 4c 8b c3 44 8b 48 5c 44 39 4e 5c 8b 50 58
0x00007ffd27cd8e61:   44 0f 42 4e 5c 39 56 58 0f 47 56 58 41 3b d1 0f
0x00007ffd27cd8e71:   87 3d 0c 00 00 66 66 0f 1f 84 00 00 00 00 00 48
0x00007ffd27cd8e81:   8b 04 d7 48 23 04 d6 ff c2 4c 0b c0 41 3b d1 76
0x00007ffd27cd8e91:   ee 4d 85 c0 0f 84 18 0c 00 00 41 8b 44 24 2c 83
0x00007ffd27cd8ea1:   e0 1f 3c 12 0f 85 08 0c 00 00 4c 8b ad 20 02 00
0x00007ffd27cd8eb1:   00 49 8b 5d 10 8b 83 50 02 00 00 2b 83 78 02 00 


Stack slot to memory mapping:

stack at sp + 0 slots: 0x0000000000000003 is an unknown value
stack at sp + 1 slots: 0x0 is null
stack at sp + 2 slots: 0x00000024d60fd120 is pointing into the stack for thread: 0x000001a213389c60
stack at sp + 3 slots: 0x00000024d60fcd60 is pointing into the stack for thread: 0x000001a213389c60
stack at sp + 4 slots: 0x00000024d60fcf98 is pointing into the stack for thread: 0x000001a213389c60
stack at sp + 5 slots: 0x0 is null
stack at sp + 6 slots: 0x0 is null
stack at sp + 7 slots: 0x0 is null


---------------  P R O C E S S  ---------------

Threads class SMR info:
_java_thread_list=0x000001a213278bd0, length=16, elements={
0x000001a1b992ca40, 0x000001a1cdd1dba0, 0x000001a210583ec0, 0x000001a2105898e0,
0x000001a21058a660, 0x000001a21058eaf0, 0x000001a21058f8f0, 0x000001a21059f300,
0x000001a2105a3280, 0x000001a2106650e0, 0x000001a210678390, 0x000001a21070f650,
0x000001a2107f4320, 0x000001a2131c2090, 0x000001a2132f2910, 0x000001a213389c60
}

Java Threads: ( => current thread )
  0x000001a1b992ca40 JavaThread "main"                              [_thread_in_vm, id=20956, stack(0x00000024d4e00000,0x00000024d4f00000) (1024K)]
  0x000001a1cdd1dba0 JavaThread "Reference Handler"          daemon [_thread_blocked, id=17288, stack(0x00000024d5200000,0x00000024d5300000) (1024K)]
  0x000001a210583ec0 JavaThread "Finalizer"                  daemon [_thread_blocked, id=28104, stack(0x00000024d5300000,0x00000024d5400000) (1024K)]
  0x000001a2105898e0 JavaThread "Signal Dispatcher"          daemon [_thread_blocked, id=30916, stack(0x00000024d5400000,0x00000024d5500000) (1024K)]
  0x000001a21058a660 JavaThread "Attach Listener"            daemon [_thread_blocked, id=12264, stack(0x00000024d5500000,0x00000024d5600000) (1024K)]
  0x000001a21058eaf0 JavaThread "Service Thread"             daemon [_thread_blocked, id=36916, stack(0x00000024d5600000,0x00000024d5700000) (1024K)]
  0x000001a21058f8f0 JavaThread "Monitor Deflation Thread"   daemon [_thread_blocked, id=34044, stack(0x00000024d5700000,0x00000024d5800000) (1024K)]
  0x000001a21059f300 JavaThread "C2 CompilerThread0"         daemon [_thread_in_native, id=15768, stack(0x00000024d5800000,0x00000024d5900000) (1024K)]
  0x000001a2105a3280 JavaThread "C1 CompilerThread0"         daemon [_thread_blocked, id=35272, stack(0x00000024d5900000,0x00000024d5a00000) (1024K)]
  0x000001a2106650e0 JavaThread "C1 CompilerThread1"         daemon [_thread_in_native, id=19704, stack(0x00000024d5a00000,0x00000024d5b00000) (1024K)]
  0x000001a210678390 JavaThread "Common-Cleaner"             daemon [_thread_blocked, id=1568, stack(0x00000024d5b00000,0x00000024d5c00000) (1024K)]
  0x000001a21070f650 JavaThread "C2 CompilerThread1"         daemon [_thread_in_native, id=32468, stack(0x00000024d5c00000,0x00000024d5d00000) (1024K)]
  0x000001a2107f4320 JavaThread "C1 CompilerThread2"         daemon [_thread_blocked, id=35576, stack(0x00000024d5d00000,0x00000024d5e00000) (1024K)]
  0x000001a2131c2090 JavaThread "C1 CompilerThread3"         daemon [_thread_blocked, id=31220, stack(0x00000024d5e00000,0x00000024d5f00000) (1024K)]
  0x000001a2132f2910 JavaThread "Notification Thread"        daemon [_thread_blocked, id=32420, stack(0x00000024d5f00000,0x00000024d6000000) (1024K)]
=>0x000001a213389c60 JavaThread "C2 CompilerThread2"         daemon [_thread_in_native, id=30388, stack(0x00000024d6000000,0x00000024d6100000) (1024K)]
Total: 16

Other Threads:
  0x000001a1cdd082a0 VMThread "VM Thread"                           [id=7552, stack(0x00000024d5100000,0x00000024d5200000) (1024K)]
  0x000001a1cdbfca00 WatcherThread "VM Periodic Task Thread"        [id=2492, stack(0x00000024d5000000,0x00000024d5100000) (1024K)]
  0x000001a1b994c170 WorkerThread "GC Thread#0"                     [id=31200, stack(0x00000024d4f00000,0x00000024d5000000) (1024K)]
  0x000001a21367ff50 WorkerThread "GC Thread#1"                     [id=20452, stack(0x00000024d6100000,0x00000024d6200000) (1024K)]
  0x000001a21386e7d0 WorkerThread "GC Thread#2"                     [id=3988, stack(0x00000024d6200000,0x00000024d6300000) (1024K)]
  0x000001a21386eb70 WorkerThread "GC Thread#3"                     [id=31864, stack(0x00000024d6300000,0x00000024d6400000) (1024K)]
  0x000001a21386ef10 WorkerThread "GC Thread#4"                     [id=9664, stack(0x00000024d6400000,0x00000024d6500000) (1024K)]
  0x000001a213680d60 WorkerThread "GC Thread#5"                     [id=39924, stack(0x00000024d6500000,0x00000024d6600000) (1024K)]
  0x000001a213681100 WorkerThread "GC Thread#6"                     [id=39480, stack(0x00000024d6600000,0x00000024d6700000) (1024K)]
Total: 9

Threads with active compile tasks:
C2 CompilerThread1  372 1022   !   4       java.util.jar.Attributes::read (494 bytes)
C1 CompilerThread2  372 1071       3       java.util.ArrayDeque::pollFirst (36 bytes)
C2 CompilerThread2  372 1023       4       java.util.jar.Manifest$FastInputStream::readLine (9 bytes)
Total: 3

VM state: not at safepoint (normal execution)

VM Mutex/Monitor currently owned by a thread: None

Heap address: 0x00000000c0000000, size: 1024 MB, Compressed Oops mode: 32-bit

CDS archive(s) mapped at: [0x000001a1ce000000-0x000001a1ceba0000-0x000001a1ceba0000), size 12189696, SharedBaseAddress: 0x000001a1ce000000, ArchiveRelocationMode: 1.
Compressed class space mapped at: 0x000001a1cf000000-0x000001a20f000000, reserved size: 1073741824
Narrow klass base: 0x000001a1ce000000, Narrow klass shift: 0, Narrow klass range: 0x100000000

GC Precious Log:
 CardTable entry size: 512
 CPUs: 28 total, 28 available
 Memory: 32591M
 Large Page Support: Disabled
 NUMA Support: Disabled
 Compressed Oops: Enabled (32-bit)
 Alignments: Space 512K, Generation 512K, Heap 2M
 Heap Min Capacity: 100M
 Heap Initial Capacity: 100M
 Heap Max Capacity: 1G
 Pre-touch: Disabled
 Parallel Workers: 20

Heap:
 PSYoungGen      total 29696K, used 4626K [0x00000000eab00000, 0x00000000ecc00000, 0x0000000100000000)
  eden space 25600K, 5% used [0x00000000eab00000,0x00000000eac6f320,0x00000000ec400000)
  from space 4096K, 77% used [0x00000000ec400000,0x00000000ec715800,0x00000000ec800000)
  to   space 4096K, 0% used [0x00000000ec800000,0x00000000ec800000,0x00000000ecc00000)
 ParOldGen       total 68608K, used 16K [0x00000000c0000000, 0x00000000c4300000, 0x00000000eab00000)
  object space 68608K, 0% used [0x00000000c0000000,0x00000000c0004000,0x00000000c4300000)
 Metaspace       used 4062K, committed 4288K, reserved 1114112K
  class space    used 406K, committed 512K, reserved 1048576K

Card table byte_map: [0x000001a1b92d0000,0x000001a1b94e0000] _byte_map_base: 0x000001a1b8cd0000

Marking Bits: (ParMarkBitMap*) 0x00007ffd28273260
 Begin Bits: [0x000001a1cbb20000, 0x000001a1ccb20000)
 End Bits:   [0x000001a1ccb20000, 0x000001a1cdb20000)

Polling page: 0x000001a1b77b0000

Metaspace:

Usage:
  Non-class:      3.57 MB used.
      Class:    406.23 KB used.
       Both:      3.97 MB used.

Virtual space:
  Non-class space:       64.00 MB reserved,       3.69 MB (  6%) committed,  1 nodes.
      Class space:        1.00 GB reserved,     512.00 KB ( <1%) committed,  1 nodes.
             Both:        1.06 GB reserved,       4.19 MB ( <1%) committed. 

Chunk freelists:
   Non-Class:  11.20 MB
       Class:  15.48 MB
        Both:  26.68 MB

MaxMetaspaceSize: unlimited
CompressedClassSpaceSize: 1.00 GB
Initial GC threshold: 21.00 MB
Current GC threshold: 21.00 MB
CDS: on
 - commit_granule_bytes: 65536.
 - commit_granule_words: 8192.
 - virtual_space_node_default_size: 8388608.
 - enlarge_chunks_in_place: 1.
 - use_allocation_guard: 0.


Internal statistics:

num_allocs_failed_limit: 0.
num_arena_births: 146.
num_arena_deaths: 0.
num_vsnodes_births: 2.
num_vsnodes_deaths: 0.
num_space_committed: 67.
num_space_uncommitted: 0.
num_chunks_returned_to_freelist: 0.
num_chunks_taken_from_freelist: 206.
num_chunk_merges: 0.
num_chunk_splits: 131.
num_chunks_enlarged: 73.
num_inconsistent_stats: 0.

CodeHeap 'non-profiled nmethods': size=119168Kb used=392Kb max_used=392Kb free=118775Kb
 bounds [0x000001a1c46c0000, 0x000001a1c4930000, 0x000001a1cbb20000]
CodeHeap 'profiled nmethods': size=119104Kb used=1726Kb max_used=1726Kb free=117378Kb
 bounds [0x000001a1bcb20000, 0x000001a1bcd90000, 0x000001a1c3f70000]
CodeHeap 'non-nmethods': size=7488Kb used=2883Kb max_used=2908Kb free=4604Kb
 bounds [0x000001a1c3f70000, 0x000001a1c4250000, 0x000001a1c46c0000]
 total_blobs=1522 nmethods=1066 adapters=360
 compilation: enabled
              stopped_count=0, restarted_count=0
 full_count=0

Compilation events (20 events):
Event: 0.345 Thread 0x000001a2105a3280 1036       3       java.util.LinkedHashMap::<init> (21 bytes)
Event: 0.345 Thread 0x000001a2107f4320 1037       3       java.util.jar.Attributes::clone (9 bytes)
Event: 0.345 Thread 0x000001a2131c2090 1038       3       java.util.jar.Attributes::<init> (17 bytes)
Event: 0.345 Thread 0x000001a2105a3280 nmethod 1036 0x000001a1bccc2410 code [0x000001a1bccc25e0, 0x000001a1bccc2850]
Event: 0.345 Thread 0x000001a2105a3280 1031       3       java.util.LinkedHashMap::sequencedEntrySet (31 bytes)
Event: 0.345 Thread 0x000001a2131c2090 nmethod 1038 0x000001a1bccc2990 code [0x000001a1bccc2b60, 0x000001a1bccc2f30]
Event: 0.345 Thread 0x000001a2107f4320 nmethod 1037 0x000001a1bccc3110 code [0x000001a1bccc3300, 0x000001a1bccc3788]
Event: 0.345 Thread 0x000001a2131c2090 1032       3       java.util.LinkedHashMap$LinkedEntrySet::<init> (15 bytes)
Event: 0.345 Thread 0x000001a2107f4320 1033       3       java.util.LinkedHashMap$LinkedEntrySet::iterator (16 bytes)
Event: 0.346 Thread 0x000001a2131c2090 nmethod 1032 0x000001a1bccc3990 code [0x000001a1bccc3b40, 0x000001a1bccc3d88]
Event: 0.346 Thread 0x000001a2105a3280 nmethod 1031 0x000001a1bccc3e90 code [0x000001a1bccc4060, 0x000001a1bccc44d8]
Event: 0.346 Thread 0x000001a2107f4320 nmethod 1033 0x000001a1bccc4690 code [0x000001a1bccc4840, 0x000001a1bccc4a58]
Event: 0.346 Thread 0x000001a2131c2090 1034       3       java.util.LinkedHashMap$LinkedEntryIterator::<init> (7 bytes)
Event: 0.346 Thread 0x000001a2131c2090 nmethod 1034 0x000001a1bccc4b90 code [0x000001a1bccc4d40, 0x000001a1bccc4e78]
Event: 0.346 Thread 0x000001a2106650e0 nmethod 1035 0x000001a1bccc4f10 code [0x000001a1bccc5200, 0x000001a1bccc6088]
Event: 0.351 Thread 0x000001a2105a3280 1041       3       jdk.internal.util.ArraysSupport::vectorizedMismatch (268 bytes)
Event: 0.351 Thread 0x000001a2105a3280 nmethod 1041 0x000001a1bccc6510 code [0x000001a1bccc6700, 0x000001a1bccc6b30]
Event: 0.352 Thread 0x000001a2105a3280 1043       3       sun.security.util.DerOutputStream::<init> (5 bytes)
Event: 0.352 Thread 0x000001a2131c2090 1044       3       java.util.ArrayList::toArray (57 bytes)
Event: 0.352 Thread 0x000001a2105a3280 nmethod 1043 0x000001a1bccc6c90 code [0x000001a1bccc6e40, 0x000001a1bccc6fe0]

GC Heap History (0 events):
No events

Dll operation events (8 events):
Event: 0.005 Loaded shared library c:\Users\berna\.cursor\extensions\redhat.java-1.41.1-win32-x64\jre\21.0.6-win32-x86_64\bin\java.dll
Event: 0.037 Loaded shared library c:\Users\berna\.cursor\extensions\redhat.java-1.41.1-win32-x64\jre\21.0.6-win32-x86_64\bin\zip.dll
Event: 0.049 Loaded shared library C:\Users\berna\.cursor\extensions\redhat.java-1.41.1-win32-x64\jre\21.0.6-win32-x86_64\bin\instrument.dll
Event: 0.052 Loaded shared library C:\Users\berna\.cursor\extensions\redhat.java-1.41.1-win32-x64\jre\21.0.6-win32-x86_64\bin\net.dll
Event: 0.054 Loaded shared library C:\Users\berna\.cursor\extensions\redhat.java-1.41.1-win32-x64\jre\21.0.6-win32-x86_64\bin\nio.dll
Event: 0.056 Loaded shared library C:\Users\berna\.cursor\extensions\redhat.java-1.41.1-win32-x64\jre\21.0.6-win32-x86_64\bin\zip.dll
Event: 0.065 Loaded shared library C:\Users\berna\.cursor\extensions\redhat.java-1.41.1-win32-x64\jre\21.0.6-win32-x86_64\bin\jimage.dll
Event: 0.102 Loaded shared library c:\Users\berna\.cursor\extensions\redhat.java-1.41.1-win32-x64\jre\21.0.6-win32-x86_64\bin\verify.dll

Deoptimization events (20 events):
Event: 0.347 Thread 0x000001a1b992ca40 DEOPT PACKING pc=0x000001a1bcc8fbb1 sp=0x00000024d4efde80
Event: 0.347 Thread 0x000001a1b992ca40 DEOPT UNPACKING pc=0x000001a1c3fc4242 sp=0x00000024d4efd2f8 mode 0
Event: 0.347 Thread 0x000001a1b992ca40 DEOPT PACKING pc=0x000001a1bcc8fbb1 sp=0x00000024d4efde80
Event: 0.347 Thread 0x000001a1b992ca40 DEOPT UNPACKING pc=0x000001a1c3fc4242 sp=0x00000024d4efd2f8 mode 0
Event: 0.347 Thread 0x000001a1b992ca40 DEOPT PACKING pc=0x000001a1bcc8fbb1 sp=0x00000024d4efde80
Event: 0.347 Thread 0x000001a1b992ca40 DEOPT UNPACKING pc=0x000001a1c3fc4242 sp=0x00000024d4efd2f8 mode 0
Event: 0.347 Thread 0x000001a1b992ca40 DEOPT PACKING pc=0x000001a1bcc8fbb1 sp=0x00000024d4efde80
Event: 0.347 Thread 0x000001a1b992ca40 DEOPT UNPACKING pc=0x000001a1c3fc4242 sp=0x00000024d4efd2f8 mode 0
Event: 0.347 Thread 0x000001a1b992ca40 DEOPT PACKING pc=0x000001a1bcc8fbb1 sp=0x00000024d4efde80
Event: 0.347 Thread 0x000001a1b992ca40 DEOPT UNPACKING pc=0x000001a1c3fc4242 sp=0x00000024d4efd2f8 mode 0
Event: 0.347 Thread 0x000001a1b992ca40 DEOPT PACKING pc=0x000001a1bcc8fbb1 sp=0x00000024d4efde80
Event: 0.347 Thread 0x000001a1b992ca40 DEOPT UNPACKING pc=0x000001a1c3fc4242 sp=0x00000024d4efd2f8 mode 0
Event: 0.347 Thread 0x000001a1b992ca40 DEOPT PACKING pc=0x000001a1bcc8fbb1 sp=0x00000024d4efde80
Event: 0.347 Thread 0x000001a1b992ca40 DEOPT UNPACKING pc=0x000001a1c3fc4242 sp=0x00000024d4efd2f8 mode 0
Event: 0.347 Thread 0x000001a1b992ca40 DEOPT PACKING pc=0x000001a1bcc8fbb1 sp=0x00000024d4efde80
Event: 0.347 Thread 0x000001a1b992ca40 DEOPT UNPACKING pc=0x000001a1c3fc4242 sp=0x00000024d4efd2f8 mode 0
Event: 0.347 Thread 0x000001a1b992ca40 DEOPT PACKING pc=0x000001a1bcc8fbb1 sp=0x00000024d4efde80
Event: 0.347 Thread 0x000001a1b992ca40 DEOPT UNPACKING pc=0x000001a1c3fc4242 sp=0x00000024d4efd2f8 mode 0
Event: 0.347 Thread 0x000001a1b992ca40 DEOPT PACKING pc=0x000001a1bcc8fbb1 sp=0x00000024d4efde80
Event: 0.347 Thread 0x000001a1b992ca40 DEOPT UNPACKING pc=0x000001a1c3fc4242 sp=0x00000024d4efd2f8 mode 0

Classes loaded (20 events):
Event: 0.349 Loading class jdk/internal/logger/LazyLoggers$JdkLazyLogger
Event: 0.349 Loading class jdk/internal/logger/LazyLoggers$LazyLoggerWrapper
Event: 0.349 Loading class jdk/internal/logger/AbstractLoggerWrapper
Event: 0.349 Loading class jdk/internal/logger/AbstractLoggerWrapper done
Event: 0.349 Loading class jdk/internal/logger/LazyLoggers$LazyLoggerWrapper done
Event: 0.349 Loading class jdk/internal/logger/LazyLoggers$JdkLazyLogger done
Event: 0.349 Loading class jdk/internal/logger/LazyLoggers$LazyLoggerAccessor
Event: 0.349 Loading class jdk/internal/logger/LazyLoggers$LoggerAccessor
Event: 0.349 Loading class jdk/internal/logger/LazyLoggers$LoggerAccessor done
Event: 0.349 Loading class jdk/internal/logger/LazyLoggers$LazyLoggerAccessor done
Event: 0.350 Loading class jdk/internal/logger/SurrogateLogger
Event: 0.350 Loading class jdk/internal/logger/SimpleConsoleLogger
Event: 0.350 Loading class sun/util/logging/PlatformLogger$ConfigurableBridge$LoggerConfiguration
Event: 0.350 Loading class sun/util/logging/PlatformLogger$ConfigurableBridge$LoggerConfiguration done
Event: 0.350 Loading class jdk/internal/logger/SimpleConsoleLogger done
Event: 0.350 Loading class jdk/internal/logger/SurrogateLogger done
Event: 0.351 Loading class sun/util/logging/PlatformLogger
Event: 0.351 Loading class sun/util/logging/PlatformLogger done
Event: 0.351 Loading class sun/util/logging/PlatformLogger$Level
Event: 0.351 Loading class sun/util/logging/PlatformLogger$Level done

Classes unloaded (0 events):
No events

Classes redefined (0 events):
No events

Internal exceptions (20 events):
Event: 0.034 Thread 0x000001a1b992ca40 Exception <a 'java/lang/NoSuchMethodError'{0x00000000eadaae20}: 'void java.lang.invoke.DirectMethodHandle$Holder.invokeStatic(java.lang.Object, java.lang.Object, java.lang.Object)'> (0x00000000eadaae20) 
thrown [s\src\hotspot\share\interpreter\linkResolver.cpp, line 773]
Event: 0.062 Thread 0x000001a1b992ca40 Exception <a 'java/lang/NoSuchMethodError'{0x00000000eaf13948}: 'java.lang.Object java.lang.invoke.Invokers$Holder.invokeExact_MT(java.lang.Object, java.lang.Object, java.lang.Object, java.lang.Object, java.lang.Object)'> (0x00000000eaf13948) 
thrown [s\src\hotspot\share\interpreter\linkResolver.cpp, line 773]
Event: 0.082 Thread 0x000001a1b992ca40 Exception <a 'java/lang/NoSuchMethodError'{0x00000000eb04be60}: 'int java.lang.invoke.DirectMethodHandle$Holder.invokeSpecial(java.lang.Object, java.lang.Object, java.lang.Object, int)'> (0x00000000eb04be60) 
thrown [s\src\hotspot\share\interpreter\linkResolver.cpp, line 773]
Event: 0.084 Thread 0x000001a1b992ca40 Exception <a 'java/lang/NoSuchMethodError'{0x00000000eb05e848}: 'java.lang.Object java.lang.invoke.DirectMethodHandle$Holder.invokeStatic(java.lang.Object, java.lang.Object, java.lang.Object, java.lang.Object, int)'> (0x00000000eb05e848) 
thrown [s\src\hotspot\share\interpreter\linkResolver.cpp, line 773]
Event: 0.085 Thread 0x000001a1b992ca40 Exception <a 'java/lang/NoSuchMethodError'{0x00000000eb069cf0}: 'void java.lang.invoke.DelegatingMethodHandle$Holder.reinvoke_L(java.lang.Object, java.lang.Object, java.lang.Object, int, java.lang.Object)'> (0x00000000eb069cf0) 
thrown [s\src\hotspot\share\interpreter\linkResolver.cpp, line 773]
Event: 0.087 Thread 0x000001a1b992ca40 Exception <a 'java/lang/NoSuchMethodError'{0x00000000eb07a640}: 'int java.lang.invoke.DirectMethodHandle$Holder.invokeSpecial(java.lang.Object, java.lang.Object, java.lang.Object)'> (0x00000000eb07a640) 
thrown [s\src\hotspot\share\interpreter\linkResolver.cpp, line 773]
Event: 0.088 Thread 0x000001a1b992ca40 Exception <a 'java/lang/NoSuchMethodError'{0x00000000eb086300}: 'java.lang.Object java.lang.invoke.DirectMethodHandle$Holder.invokeStatic(java.lang.Object, java.lang.Object, int)'> (0x00000000eb086300) 
thrown [s\src\hotspot\share\interpreter\linkResolver.cpp, line 773]
Event: 0.088 Thread 0x000001a1b992ca40 Exception <a 'java/lang/NoSuchMethodError'{0x00000000eb08ac50}: 'void java.lang.invoke.DirectMethodHandle$Holder.invokeStatic(java.lang.Object, java.lang.Object, int, java.lang.Object)'> (0x00000000eb08ac50) 
thrown [s\src\hotspot\share\interpreter\linkResolver.cpp, line 773]
Event: 0.089 Thread 0x000001a1b992ca40 Exception <a 'java/lang/NoSuchMethodError'{0x00000000eb08e7e0}: 'void java.lang.invoke.DirectMethodHandle$Holder.invokeSpecial(java.lang.Object, java.lang.Object, java.lang.Object, int, java.lang.Object)'> (0x00000000eb08e7e0) 
thrown [s\src\hotspot\share\interpreter\linkResolver.cpp, line 773]
Event: 0.089 Thread 0x000001a1b992ca40 Exception <a 'java/lang/NoSuchMethodError'{0x00000000eb091c50}: 'void java.lang.invoke.DelegatingMethodHandle$Holder.delegate(java.lang.Object, java.lang.Object, int, java.lang.Object)'> (0x00000000eb091c50) 
thrown [s\src\hotspot\share\interpreter\linkResolver.cpp, line 773]
Event: 0.111 Thread 0x000001a1b992ca40 Exception <a 'java/lang/NoSuchMethodError'{0x00000000eb2cf840}: 'void java.lang.invoke.DelegatingMethodHandle$Holder.reinvoke_L(java.lang.Object, java.lang.Object, java.lang.Object, int)'> (0x00000000eb2cf840) 
thrown [s\src\hotspot\share\interpreter\linkResolver.cpp, line 773]
Event: 0.181 Thread 0x000001a1b992ca40 Exception <a 'java/lang/NoSuchMethodError'{0x00000000eb756790}: 'void java.lang.invoke.DirectMethodHandle$Holder.invokeVirtual(java.lang.Object, java.lang.Object)'> (0x00000000eb756790) 
thrown [s\src\hotspot\share\interpreter\linkResolver.cpp, line 773]
Event: 0.250 Thread 0x000001a1b992ca40 Exception <a 'java/lang/ClassNotFoundException'{0x00000000ebb51480}: sun/net/www/protocol/c/Handler> (0x00000000ebb51480) 
thrown [s\src\hotspot\share\classfile\systemDictionary.cpp, line 312]
Event: 0.261 Thread 0x000001a1b992ca40 Exception <a 'java/io/FileNotFoundException'{0x00000000ebb6a3a8}> (0x00000000ebb6a3a8) 
thrown [s\src\hotspot\share\prims\jni.cpp, line 520]
Event: 0.262 Thread 0x000001a1b992ca40 Exception <a 'java/io/FileNotFoundException'{0x00000000ebb6f298}> (0x00000000ebb6f298) 
thrown [s\src\hotspot\share\prims\jni.cpp, line 520]
Event: 0.262 Thread 0x000001a1b992ca40 Exception <a 'java/io/FileNotFoundException'{0x00000000ebb6ff10}> (0x00000000ebb6ff10) 
thrown [s\src\hotspot\share\prims\jni.cpp, line 520]
Event: 0.262 Thread 0x000001a1b992ca40 Exception <a 'java/io/FileNotFoundException'{0x00000000ebb70a50}> (0x00000000ebb70a50) 
thrown [s\src\hotspot\share\prims\jni.cpp, line 520]
Event: 0.264 Thread 0x000001a1b992ca40 Implicit null exception at 0x000001a1c46ec5a4 to 0x000001a1c46ecb48
Event: 0.265 Thread 0x000001a1b992ca40 Exception <a 'java/io/FileNotFoundException'{0x00000000ebbaabe0}> (0x00000000ebbaabe0) 
thrown [s\src\hotspot\share\prims\jni.cpp, line 520]
Event: 0.334 Thread 0x000001a1b992ca40 Exception <a 'java/lang/NoSuchMethodError'{0x00000000ec0490c0}: 'java.lang.ClassLoader java.lang.ClassLoader.getPlatformClassLoader(java.lang.Class)'> (0x00000000ec0490c0) 
thrown [s\src\hotspot\share\interpreter\linkResolver.cpp, line 773]

ZGC Phase Switch (0 events):
No events

VM Operations (10 events):
Event: 0.036 Executing VM operation: HandshakeAllThreads (Deoptimize)
Event: 0.036 Executing VM operation: HandshakeAllThreads (Deoptimize) done
Event: 0.073 Executing VM operation: HandshakeAllThreads (Deoptimize)
Event: 0.073 Executing VM operation: HandshakeAllThreads (Deoptimize) done
Event: 0.237 Executing VM operation: HandshakeAllThreads (Deoptimize)
Event: 0.237 Executing VM operation: HandshakeAllThreads (Deoptimize) done
Event: 0.245 Executing VM operation: HandshakeAllThreads (Deoptimize)
Event: 0.246 Executing VM operation: HandshakeAllThreads (Deoptimize) done
Event: 0.350 Executing VM operation: ICBufferFull
Event: 0.350 Executing VM operation: ICBufferFull done

Memory protections (0 events):
No events

Nmethod flushes (0 events):
No events

Events (16 events):
Event: 0.013 Thread 0x000001a1b992ca40 Thread added: 0x000001a1b992ca40
Event: 0.020 Thread 0x000001a1b992ca40 Thread added: 0x000001a1cdd1dba0
Event: 0.020 Thread 0x000001a1b992ca40 Thread added: 0x000001a210583ec0
Event: 0.020 Thread 0x000001a1b992ca40 Thread added: 0x000001a2105898e0
Event: 0.021 Thread 0x000001a1b992ca40 Thread added: 0x000001a21058a660
Event: 0.021 Thread 0x000001a1b992ca40 Thread added: 0x000001a21058eaf0
Event: 0.021 Thread 0x000001a1b992ca40 Thread added: 0x000001a21058f8f0
Event: 0.021 Thread 0x000001a1b992ca40 Thread added: 0x000001a21059f300
Event: 0.021 Thread 0x000001a1b992ca40 Thread added: 0x000001a2105a3280
Event: 0.023 Thread 0x000001a2105a3280 Thread added: 0x000001a2106650e0
Event: 0.030 Thread 0x000001a1b992ca40 Thread added: 0x000001a210678390
Event: 0.041 Thread 0x000001a21059f300 Thread added: 0x000001a21070f650
Event: 0.069 Thread 0x000001a2106650e0 Thread added: 0x000001a2107f4320
Event: 0.069 Thread 0x000001a2106650e0 Thread added: 0x000001a2131c2090
Event: 0.146 Thread 0x000001a1b992ca40 Thread added: 0x000001a2132f2910
Event: 0.200 Thread 0x000001a2105a3280 Thread added: 0x000001a213389c60


Dynamic libraries:
0x00007ff7792d0000 - 0x00007ff7792de000 	c:\Users\berna\.cursor\extensions\redhat.java-1.41.1-win32-x64\jre\21.0.6-win32-x86_64\bin\java.exe
0x00007ffdc08e0000 - 0x00007ffdc0b40000 	C:\WINDOWS\SYSTEM32\ntdll.dll
0x00007ffdc0720000 - 0x00007ffdc07e7000 	C:\WINDOWS\System32\KERNEL32.DLL
0x00007ffdbdff0000 - 0x00007ffdbe3ba000 	C:\WINDOWS\System32\KERNELBASE.dll
0x00007ffdbdea0000 - 0x00007ffdbdfeb000 	C:\WINDOWS\System32\ucrtbase.dll
0x00007ffd9a310000 - 0x00007ffd9a328000 	c:\Users\berna\.cursor\extensions\redhat.java-1.41.1-win32-x64\jre\21.0.6-win32-x86_64\bin\jli.dll
0x00007ffd99ef0000 - 0x00007ffd99f0e000 	c:\Users\berna\.cursor\extensions\redhat.java-1.41.1-win32-x64\jre\21.0.6-win32-x86_64\bin\VCRUNTIME140.dll
0x00007ffdbe6e0000 - 0x00007ffdbe8ac000 	C:\WINDOWS\System32\USER32.dll
0x00007ffda3ef0000 - 0x00007ffda4187000 	C:\WINDOWS\WinSxS\amd64_microsoft.windows.common-controls_6595b64144ccf1df_6.0.26100.3624_none_3e086962e3345f24\COMCTL32.dll
0x00007ffdbe530000 - 0x00007ffdbe557000 	C:\WINDOWS\System32\win32u.dll
0x00007ffdbff70000 - 0x00007ffdbff9a000 	C:\WINDOWS\System32\GDI32.dll
0x00007ffdbed90000 - 0x00007ffdbee39000 	C:\WINDOWS\System32\msvcrt.dll
0x00007ffdbdc00000 - 0x00007ffdbdd31000 	C:\WINDOWS\System32\gdi32full.dll
0x00007ffdbdac0000 - 0x00007ffdbdb63000 	C:\WINDOWS\System32\msvcp_win.dll
0x00007ffdbe9b0000 - 0x00007ffdbe9df000 	C:\WINDOWS\System32\IMM32.DLL
0x00007ffdb7a90000 - 0x00007ffdb7a9c000 	c:\Users\berna\.cursor\extensions\redhat.java-1.41.1-win32-x64\jre\21.0.6-win32-x86_64\bin\vcruntime140_1.dll
0x00007ffd6d320000 - 0x00007ffd6d3ad000 	c:\Users\berna\.cursor\extensions\redhat.java-1.41.1-win32-x64\jre\21.0.6-win32-x86_64\bin\msvcp140.dll
0x00007ffd275c0000 - 0x00007ffd28350000 	c:\Users\berna\.cursor\extensions\redhat.java-1.41.1-win32-x64\jre\21.0.6-win32-x86_64\bin\server\jvm.dll
0x00007ffdbeb20000 - 0x00007ffdbebd2000 	C:\WINDOWS\System32\ADVAPI32.dll
0x00007ffdbfec0000 - 0x00007ffdbff66000 	C:\WINDOWS\System32\sechost.dll
0x00007ffdbf6f0000 - 0x00007ffdbf806000 	C:\WINDOWS\System32\RPCRT4.dll
0x00007ffdbfa20000 - 0x00007ffdbfa94000 	C:\WINDOWS\System32\WS2_32.dll
0x00007ffdb6c60000 - 0x00007ffdb6c6b000 	C:\WINDOWS\SYSTEM32\VERSION.dll
0x00007ffdb0750000 - 0x00007ffdb0786000 	C:\WINDOWS\SYSTEM32\WINMM.dll
0x00007ffdbd1e0000 - 0x00007ffdbd23e000 	C:\WINDOWS\SYSTEM32\POWRPROF.dll
0x00007ffdbd1c0000 - 0x00007ffdbd1d4000 	C:\WINDOWS\SYSTEM32\UMPDC.dll
0x00007ffdbc890000 - 0x00007ffdbc8aa000 	C:\WINDOWS\SYSTEM32\kernel.appcore.dll
0x00007ffda6470000 - 0x00007ffda647a000 	c:\Users\berna\.cursor\extensions\redhat.java-1.41.1-win32-x64\jre\21.0.6-win32-x86_64\bin\jimage.dll
0x00007ffdad940000 - 0x00007ffdadb81000 	C:\WINDOWS\SYSTEM32\DBGHELP.DLL
0x00007ffdbee60000 - 0x00007ffdbf1e2000 	C:\WINDOWS\System32\combase.dll
0x00007ffdbfde0000 - 0x00007ffdbfeb6000 	C:\WINDOWS\System32\OLEAUT32.dll
0x00007ffda6310000 - 0x00007ffda6349000 	C:\WINDOWS\SYSTEM32\dbgcore.DLL
0x00007ffdbde00000 - 0x00007ffdbde99000 	C:\WINDOWS\System32\bcryptPrimitives.dll
0x00007ffda63b0000 - 0x00007ffda63bf000 	c:\Users\berna\.cursor\extensions\redhat.java-1.41.1-win32-x64\jre\21.0.6-win32-x86_64\bin\instrument.dll
0x00007ffd99090000 - 0x00007ffd990af000 	c:\Users\berna\.cursor\extensions\redhat.java-1.41.1-win32-x64\jre\21.0.6-win32-x86_64\bin\java.dll
0x00007ffdbfff0000 - 0x00007ffdc0719000 	C:\WINDOWS\System32\SHELL32.dll
0x00007ffdbe3c0000 - 0x00007ffdbe528000 	C:\WINDOWS\System32\wintypes.dll
0x00007ffdbb740000 - 0x00007ffdbbf92000 	C:\WINDOWS\SYSTEM32\windows.storage.dll
0x00007ffdbea30000 - 0x00007ffdbeb1d000 	C:\WINDOWS\System32\SHCORE.dll
0x00007ffdbf1f0000 - 0x00007ffdbf254000 	C:\WINDOWS\System32\shlwapi.dll
0x00007ffdbd9d0000 - 0x00007ffdbd9ff000 	C:\WINDOWS\SYSTEM32\profapi.dll
0x00007ffd99070000 - 0x00007ffd99088000 	c:\Users\berna\.cursor\extensions\redhat.java-1.41.1-win32-x64\jre\21.0.6-win32-x86_64\bin\zip.dll
0x00007ffda4300000 - 0x00007ffda4310000 	C:\Users\berna\.cursor\extensions\redhat.java-1.41.1-win32-x64\jre\21.0.6-win32-x86_64\bin\net.dll
0x00007ffdb69c0000 - 0x00007ffdb6add000 	C:\WINDOWS\SYSTEM32\WINHTTP.dll
0x00007ffdbcd90000 - 0x00007ffdbcdfa000 	C:\WINDOWS\system32\mswsock.dll
0x00007ffd840b0000 - 0x00007ffd840c6000 	C:\Users\berna\.cursor\extensions\redhat.java-1.41.1-win32-x64\jre\21.0.6-win32-x86_64\bin\nio.dll
0x00007ffda3c00000 - 0x00007ffda3c10000 	c:\Users\berna\.cursor\extensions\redhat.java-1.41.1-win32-x64\jre\21.0.6-win32-x86_64\bin\verify.dll

dbghelp: loaded successfully - version: 4.0.5 - missing functions: none
symbol engine: initialized successfully - sym options: 0x614 - pdb path: .;c:\Users\berna\.cursor\extensions\redhat.java-1.41.1-win32-x64\jre\21.0.6-win32-x86_64\bin;C:\WINDOWS\SYSTEM32;C:\WINDOWS\WinSxS\amd64_microsoft.windows.common-controls_6595b64144ccf1df_6.0.26100.3624_none_3e086962e3345f24;c:\Users\berna\.cursor\extensions\redhat.java-1.41.1-win32-x64\jre\21.0.6-win32-x86_64\bin\server

VM Arguments:
jvm_args: --add-modules=ALL-SYSTEM --add-opens=java.base/java.util=ALL-UNNAMED --add-opens=java.base/java.lang=ALL-UNNAMED --add-opens=java.base/sun.nio.fs=ALL-UNNAMED -Declipse.application=org.eclipse.jdt.ls.core.id1 -Dosgi.bundles.defaultStartLevel=4 -Declipse.product=org.eclipse.jdt.ls.core.product -Djava.import.generatesMetadataFilesAtProjectRoot=false -DDetectVMInstallationsJob.disabled=true -Dfile.encoding=utf8 -XX:+UseParallelGC -XX:GCTimeRatio=4 -XX:AdaptiveSizePolicyWeight=90 -Dsun.zip.disableMemoryMapping=true -Xmx1G -Xms100m -Xlog:disable -javaagent:c:\Users\berna\.cursor\extensions\redhat.java-1.41.1-win32-x64\lombok\lombok-1.18.36.jar -XX:+HeapDumpOnOutOfMemoryError -XX:HeapDumpPath=c:\Users\berna\AppData\Roaming\Cursor\User\workspaceStorage\9447806feda3f6cc28918a0b7ec745c8\redhat.java -Daether.dependencyCollector.impl=bf 
java_command: c:\Users\berna\.cursor\extensions\redhat.java-1.41.1-win32-x64\server\plugins\org.eclipse.equinox.launcher_1.7.0.v20250331-1702.jar -configuration c:\Users\berna\AppData\Roaming\Cursor\User\globalStorage\redhat.java\1.41.1\config_win -data c:\Users\berna\AppData\Roaming\Cursor\User\workspaceStorage\9447806feda3f6cc28918a0b7ec745c8\redhat.java\jdt_ws --pipe=\\.\pipe\lsp-83e0cab3cf1e26465ed3fd7000c9e45d-sock
java_class_path (initial): c:\Users\berna\.cursor\extensions\redhat.java-1.41.1-win32-x64\server\plugins\org.eclipse.equinox.launcher_1.7.0.v20250331-1702.jar
Launcher Type: SUN_STANDARD

[Global flags]
    uintx AdaptiveSizePolicyWeight                 = 90                                        {product} {command line}
     intx CICompilerCount                          = 12                                        {product} {ergonomic}
    uintx GCTimeRatio                              = 4                                         {product} {command line}
     bool HeapDumpOnOutOfMemoryError               = true                                   {manageable} {command line}
    ccstr HeapDumpPath                             = c:\Users\berna\AppData\Roaming\Cursor\User\workspaceStorage\9447806feda3f6cc28918a0b7ec745c8\redhat.java         {manageable} {command line}
   size_t InitialHeapSize                          = 104857600                                 {product} {command line}
   size_t MaxHeapSize                              = 1073741824                                {product} {command line}
   size_t MaxNewSize                               = 357564416                                 {product} {ergonomic}
   size_t MinHeapDeltaBytes                        = 524288                                    {product} {ergonomic}
   size_t MinHeapSize                              = 104857600                                 {product} {command line}
   size_t NewSize                                  = 34603008                                  {product} {ergonomic}
    uintx NonNMethodCodeHeapSize                   = 7602480                                {pd product} {ergonomic}
    uintx NonProfiledCodeHeapSize                  = 122027880                              {pd product} {ergonomic}
   size_t OldSize                                  = 70254592                                  {product} {ergonomic}
    uintx ProfiledCodeHeapSize                     = 122027880                              {pd product} {ergonomic}
    uintx ReservedCodeCacheSize                    = 251658240                              {pd product} {ergonomic}
     bool SegmentedCodeCache                       = true                                      {product} {ergonomic}
   size_t SoftMaxHeapSize                          = 1073741824                             {manageable} {ergonomic}
     bool UseCompressedOops                        = true                           {product lp64_product} {ergonomic}
     bool UseLargePagesIndividualAllocation        = false                                  {pd product} {ergonomic}
     bool UseParallelGC                            = true                                      {product} {command line}

Logging:
Log output configuration:
 #0: stdout all=off uptime,level,tags foldmultilines=false
 #1: stderr all=off uptime,level,tags foldmultilines=false

Environment Variables:
JAVA_HOME=C:\Program Files\Eclipse Adoptium\jdk-21.0.6.7-hotspot\
PATH=C:\Program Files\Eclipse Adoptium\jdk-21.0.6.7-hotspot\bin;c:\Users\berna\AppData\Local\Programs\cursor\resources\app\bin;C:\Program Files\Google\Chrome\Application;C:\Python313\Scripts\;C:\Python313\;C:\Program Files (x86)\Common Files\Oracle\Java\java8path;C:\Program Files (x86)\Common Files\Oracle\Java\javapath;C:\WINDOWS\system32;C:\WINDOWS;C:\WINDOWS\System32\Wbem;C:\WINDOWS\System32\WindowsPowerShell\v1.0\;C:\WINDOWS\System32\OpenSSH\;C:\Program Files (x86)\NVIDIA Corporation\PhysX\Common;C:\Program Files\Git\cmd;C:\Program Files\Docker\Docker\resources\bin;C:\Program Files\Microsoft SQL Server\150\Tools\Binn\;C:\Program Files\Microsoft SQL Server\Client SDK\ODBC\170\Tools\Binn\;C:\Program Files\dotnet\;C:\Program Files\W64Devkit\w64devkit\bin;C:\Program Files\NVIDIA Corporation\NVIDIA app\NvDLISR;C:\Program Files\Microsoft SQL Server\Client SDK\ODBC\130\Tools\Binn\;C:\Program Files (x86)\Microsoft SQL Server\130\Tools\Binn\;C:\Program Files\Microsoft SQL Server\130\Tools\Binn\;C:\Program Files\Microsoft SQL Server\130\DTS\Binn\;C:\Program Files (x86)\Microsof;C:\Program Files\Maven\apache-maven-3.9.9\bin;C:\Program Files\nodejs;C:\Users\berna\AppData\Roaming\npm;C:\Users\berna\python\Scripts\;C:\Users\berna\python\;C:\Users\berna\AppData\Local\Programs\Python\Launcher\;C:\Users\berna\AppData\Local\Microsoft\WindowsApps;;C:\Program Files\JetBrains\PyCharm 2023.3.2\bin;;C:\Program Files\JetBrains\IntelliJ IDEA 2023.3.2\bin;;C:\Users\berna\AppData\Local\Programs\Microsoft VS Code\bin;C:\Users\berna\.dotnet\tools;C:\Users\berna\AppData\Roaming\npm;C:\Users\berna\AppData\Local\Programs\cursor\resources\app\bin
USERNAME=berna
OS=Windows_NT
PROCESSOR_IDENTIFIER=Intel64 Family 6 Model 183 Stepping 1, GenuineIntel
TMP=C:\Users\berna\AppData\Local\Temp
TEMP=C:\Users\berna\AppData\Local\Temp




Periodic native trim disabled

---------------  S Y S T E M  ---------------

OS:
 Windows 11 , 64 bit Build 26100 (10.0.26100.3775)
OS uptime: 2 days 0:51 hours
Hyper-V role detected

CPU: total 28 (initial active 28) (14 cores per cpu, 2 threads per core) family 6 model 183 stepping 1 microcode 0x11d, cx8, cmov, fxsr, ht, mmx, 3dnowpref, sse, sse2, sse3, ssse3, sse4.1, sse4.2, popcnt, lzcnt, tsc, tscinvbit, avx, avx2, aes, erms, clmul, bmi1, bmi2, adx, sha, fma, vzeroupper, clflush, clflushopt, clwb, hv, serialize, rdtscp, rdpid, fsrm, f16c, cet_ibt, cet_ss
Processor Information for the first 28 processors :
  Max Mhz: 3400, Current Mhz: 3400, Mhz Limit: 3400

Memory: 4k page, system-wide physical 32591M (15137M free)
TotalPageFile size 34639M (AvailPageFile size 11114M)
current process WorkingSet (physical memory assigned to process): 84M, peak: 84M
current process commit charge ("private bytes"): 244M, peak: 244M

vm_info: OpenJDK 64-Bit Server VM (21.0.6+7-LTS) for windows-amd64 JRE (21.0.6+7-LTS), built on 2025-01-21T00:00:00Z by "admin" with MS VC++ 17.7 (VS2022)

END.
